\BOOKMARK [1][-]{section.1}{\376\377\0001\000\040\213\376\230\230\147\145\156\220\123\312\170\024\172\166\166\204\166\356\166\204\124\214\141\017\116\111}{}% 1
\BOOKMARK [2][-]{subsection.1.1}{\376\377\0001\000.\0001\000\040\213\376\230\230\147\145\156\220\142\026\170\024\172\166\200\314\146\157}{section.1}% 2
\BOOKMARK [2][-]{subsection.1.2}{\376\377\0001\000.\0002\000\040\170\024\172\166\166\204\166\356\166\204\123\312\141\017\116\111}{section.1}% 3
\BOOKMARK [1][-]{section.2}{\376\377\0002\000\040\126\375\121\205\131\026\127\050\213\345\145\271\124\021\166\204\170\024\172\166\163\260\162\266\123\312\122\006\147\220}{}% 4
\BOOKMARK [2][-]{subsection.2.1}{\376\377\0002\000.\0001\000\040\126\375\131\026\170\024\172\166\163\260\162\266}{section.2}% 5
\BOOKMARK [2][-]{subsection.2.2}{\376\377\0002\000.\0002\000\040\126\375\121\205\170\024\172\166\163\260\162\266}{section.2}% 6
\BOOKMARK [2][-]{subsection.2.3}{\376\377\0002\000.\0003\000\040\126\375\121\205\131\026\145\207\163\056\176\374\217\360\166\204\173\200\147\220}{section.2}% 7
\BOOKMARK [1][-]{section.3}{\376\377\0003\000\040\122\115\147\037\166\204\164\006\213\272\170\024\172\166\116\016\213\325\232\214\213\272\213\301\135\345\117\134\166\204\176\323\147\234}{}% 8
\BOOKMARK [2][-]{subsection.3.1}{\376\377\0003\000.\0001\000\040\177\121\200\124\217\146\217\206\136\225\134\102\215\337\232\160\116\016\123\132\137\010\143\142\220\123\164\006\213\272\147\204\136\372}{section.3}% 9
\BOOKMARK [2][-]{subsection.3.2}{\376\377\0003\000.\0002\000\040\232\330\174\276\136\246\137\256\211\302\116\244\220\032\145\160\133\127\133\152\165\037\116\377\167\037\136\163\123\360\144\055\136\372}{section.3}% 10
\BOOKMARK [2][-]{subsection.3.3}{\376\377\0003\000.\0003\000\040\147\201\172\357\135\345\121\265\127\372\121\306\155\113\213\325\116\016\131\032\176\364\172\063\120\145\140\047\122\006\147\220}{section.3}% 11
\BOOKMARK [2][-]{subsection.3.4}{\376\377\0003\000.\0004\000\040\122\115\147\037\213\325\232\214\145\160\143\156\123\357\211\306\123\026\211\343\147\204\116\016\133\232\140\047\176\323\213\272}{section.3}% 12
\BOOKMARK [1][-]{section.4}{\376\377\0004\000\040\133\146\117\115\213\272\145\207\166\204\116\073\211\201\170\024\172\166\121\205\133\271\060\001\133\236\145\275\145\271\150\110\123\312\121\166\123\357\210\114\140\047\213\272\213\301}{}% 13
\BOOKMARK [2][-]{subsection.4.1}{\376\377\0004\000.\0001\000\040\116\073\211\201\170\024\172\166\121\205\133\271}{section.4}% 14
\BOOKMARK [3][-]{subsubsection.4.1.1}{\376\377\0004\000.\0001\000.\0001\000\040\116\213\145\105\215\357\153\265\000\040\000V\0002\000X\000\040\117\341\140\157\117\040\144\255\117\341\220\123\124\315\136\224\226\073\134\074\116\016\131\032\226\066\153\265\217\146\217\206\123\315\136\224\136\366\217\337\136\372\152\041}{subsection.4.1}% 15
\BOOKMARK [3][-]{subsubsection.4.1.2}{\376\377\0004\000.\0001\000.\0002\000\040\131\032\176\246\147\137\116\013\131\032\146\172\200\375\117\123\123\132\137\010\143\142\220\123\145\066\166\312\121\375\145\160\145\110\165\050\213\304\117\060\150\106\147\266\211\343\147\220\213\276\213\241}{subsection.4.1}% 16
\BOOKMARK [3][-]{subsubsection.4.1.3}{\376\377\0004\000.\0001\000.\0003\000\040\217\336\176\355\131\032\176\246\147\137\123\117\124\014\213\251\210\114\220\037\136\246\123\315\231\210\116\016\147\201\217\321\172\357\217\321\226\234\170\215\162\151\175\047\140\045\122\066\122\250\123\005\176\334\116\013\226\120\143\247\122\066}{subsection.4.1}% 17
\BOOKMARK [2][-]{subsection.4.2}{\376\377\0004\000.\0002\000\040\133\236\145\275\145\271\150\110\123\312\121\166\123\357\210\114\140\047\213\272\213\301}{section.4}% 18
\BOOKMARK [1][-]{section.5}{\376\377\0005\000\040\213\272\145\207\217\333\136\246\133\211\143\222\377\014\230\204\147\037\217\276\122\060\166\204\166\356\150\007}{}% 19
\BOOKMARK [2][-]{subsection.5.1}{\376\377\0005\000.\0001\000\040\217\333\136\246\133\211\143\222}{section.5}% 20
\BOOKMARK [2][-]{subsection.5.2}{\376\377\0005\000.\0002\000\040\230\204\147\037\217\276\122\060\166\204\166\356\150\007}{section.5}% 21
\BOOKMARK [1][-]{section.6}{\376\377\0006\000\040\133\146\117\115\213\272\145\207\230\204\147\037\122\033\145\260\160\271}{}% 22
\BOOKMARK [1][-]{section.7}{\376\377\0007\000\040\116\072\133\214\142\020\213\376\230\230\135\362\121\167\131\007\124\214\142\100\227\000\166\204\147\141\116\366\060\001\131\026\123\117\213\241\122\022\123\312\176\317\215\071}{}% 23
\BOOKMARK [1][-]{section.8}{\376\377\0008\000\040\230\204\213\241\170\024\172\166\217\307\172\013\116\055\123\357\200\375\220\107\122\060\166\204\126\360\226\276\060\001\225\356\230\230\377\014\116\345\123\312\211\343\121\263\166\204\220\024\137\204}{}% 24
\BOOKMARK [1][-]{section.9}{\376\377\0009\000\040\116\073\211\201\123\302\200\003\145\207\163\056}{}% 25
